[0m12:37:18.800810 [debug] [MainThread]: Sending event: {'category': 'dbt', 'action': 'invocation', 'label': 'start', 'context': [<snowplow_tracker.self_describing_json.SelfDescribingJson object at 0x107e9c440>, <snowplow_tracker.self_describing_json.SelfDescribingJson object at 0x1090c3750>, <snowplow_tracker.self_describing_json.SelfDescribingJson object at 0x1090c3890>]}


============================== 12:37:18.806427 | 5e715a28-1949-4fec-8282-b2a3df6c804f ==============================
[0m12:37:18.806427 [info ] [MainThread]: Running with dbt=1.11.2
[0m12:37:18.806687 [debug] [MainThread]: running dbt with arguments {'warn_error': 'None', 'target_path': 'None', 'log_cache_events': 'False', 'debug': 'False', 'indirect_selection': 'eager', 'introspect': 'True', 'send_anonymous_usage_stats': 'True', 'log_path': 'logs', 'cache_selected_only': 'False', 'printer_width': '80', 'use_experimental_parser': 'False', 'use_colors': 'True', 'static_parser': 'True', 'fail_fast': 'False', 'partial_parse': 'True', 'version_check': 'True', 'quiet': 'False', 'log_format': 'default', 'profiles_dir': '/Users/ashutoshraichurkar/.dbt', 'no_print': 'None', 'warn_error_options': 'WarnErrorOptionsV2(error=[], warn=[], silence=[])', 'invocation_command': 'dbt init --skip-profile-setup', 'empty': 'None', 'write_json': 'True'}
[0m12:37:18.810131 [info ] [MainThread]: Creating dbt configuration folder at /Users/ashutoshraichurkar/.dbt
[0m12:37:34.283835 [debug] [MainThread]: Starter project path: /Users/ashutoshraichurkar/Documents/repos/.venv/lib/python3.13/site-packages/dbt/include/starter_project
[0m12:37:34.292808 [info ] [MainThread]: 
Your new dbt project "airbnb_dbt" was created!

For more information on how to configure the profiles.yml file,
please consult the dbt documentation here:

  https://docs.getdbt.com/docs/configure-your-profile

One more thing:

Need help? Don't hesitate to reach out to us via GitHub issues or on Slack:

  https://community.getdbt.com/

Happy modeling!

[0m12:37:34.586603 [debug] [MainThread]: Resource report: {"command_name": "init", "command_success": true, "command_wall_clock_time": 15.811715, "process_in_blocks": "0", "process_kernel_time": 0.075857, "process_mem_max_rss": "108806144", "process_out_blocks": "0", "process_user_time": 0.468269}
[0m12:37:34.587671 [debug] [MainThread]: Command `dbt init` succeeded at 12:37:34.587517 after 15.81 seconds
[0m12:37:34.588142 [debug] [MainThread]: Sending event: {'category': 'dbt', 'action': 'invocation', 'label': 'end', 'context': [<snowplow_tracker.self_describing_json.SelfDescribingJson object at 0x1090d23f0>, <snowplow_tracker.self_describing_json.SelfDescribingJson object at 0x1091aca70>, <snowplow_tracker.self_describing_json.SelfDescribingJson object at 0x109198490>]}
[0m12:37:34.588560 [debug] [MainThread]: Flushing usage events
[0m12:37:34.857758 [debug] [MainThread]: An error was encountered while trying to flush usage events
